Determining if the Q_WS_WIN exist failed with the following output:
Change Dir: /home/nicolas/Documents/swarm-lingustics/src/build/CMakeFiles/CMakeTmp

Run Build Command:"/usr/bin/make" "cmTC_66119/fast"
make[1] : on entre dans le répertoire « /home/nicolas/Documents/swarm-lingustics/src/build/CMakeFiles/CMakeTmp »
/usr/bin/make -f CMakeFiles/cmTC_66119.dir/build.make CMakeFiles/cmTC_66119.dir/build
make[2] : on entre dans le répertoire « /home/nicolas/Documents/swarm-lingustics/src/build/CMakeFiles/CMakeTmp »
Building CXX object CMakeFiles/cmTC_66119.dir/CheckSymbolExists.cxx.o
/usr/bin/c++    -I/usr/include/qt4   -o CMakeFiles/cmTC_66119.dir/CheckSymbolExists.cxx.o -c /home/nicolas/Documents/swarm-lingustics/src/build/CMakeFiles/CMakeTmp/CheckSymbolExists.cxx
/home/nicolas/Documents/swarm-lingustics/src/build/CMakeFiles/CMakeTmp/CheckSymbolExists.cxx: In function ‘int main(int, char**)’:
/home/nicolas/Documents/swarm-lingustics/src/build/CMakeFiles/CMakeTmp/CheckSymbolExists.cxx:8:19: error: ‘Q_WS_WIN’ was not declared in this scope
   return ((int*)(&Q_WS_WIN))[argc];
                   ^
CMakeFiles/cmTC_66119.dir/build.make:65 : la recette pour la cible « CMakeFiles/cmTC_66119.dir/CheckSymbolExists.cxx.o » a échouée
make[2]: *** [CMakeFiles/cmTC_66119.dir/CheckSymbolExists.cxx.o] Erreur 1
make[2] : on quitte le répertoire « /home/nicolas/Documents/swarm-lingustics/src/build/CMakeFiles/CMakeTmp »
Makefile:126 : la recette pour la cible « cmTC_66119/fast » a échouée
make[1]: *** [cmTC_66119/fast] Erreur 2
make[1] : on quitte le répertoire « /home/nicolas/Documents/swarm-lingustics/src/build/CMakeFiles/CMakeTmp »

File /home/nicolas/Documents/swarm-lingustics/src/build/CMakeFiles/CMakeTmp/CheckSymbolExists.cxx:
/* */
#include <QtCore/qglobal.h>

int main(int argc, char** argv)
{
  (void)argv;
#ifndef Q_WS_WIN
  return ((int*)(&Q_WS_WIN))[argc];
#else
  (void)argc;
  return 0;
#endif
}

Determining if the Q_WS_QWS exist failed with the following output:
Change Dir: /home/nicolas/Documents/swarm-lingustics/src/build/CMakeFiles/CMakeTmp

Run Build Command:"/usr/bin/make" "cmTC_691bc/fast"
make[1] : on entre dans le répertoire « /home/nicolas/Documents/swarm-lingustics/src/build/CMakeFiles/CMakeTmp »
/usr/bin/make -f CMakeFiles/cmTC_691bc.dir/build.make CMakeFiles/cmTC_691bc.dir/build
make[2] : on entre dans le répertoire « /home/nicolas/Documents/swarm-lingustics/src/build/CMakeFiles/CMakeTmp »
Building CXX object CMakeFiles/cmTC_691bc.dir/CheckSymbolExists.cxx.o
/usr/bin/c++    -I/usr/include/qt4   -o CMakeFiles/cmTC_691bc.dir/CheckSymbolExists.cxx.o -c /home/nicolas/Documents/swarm-lingustics/src/build/CMakeFiles/CMakeTmp/CheckSymbolExists.cxx
/home/nicolas/Documents/swarm-lingustics/src/build/CMakeFiles/CMakeTmp/CheckSymbolExists.cxx: In function ‘int main(int, char**)’:
/home/nicolas/Documents/swarm-lingustics/src/build/CMakeFiles/CMakeTmp/CheckSymbolExists.cxx:8:19: error: ‘Q_WS_QWS’ was not declared in this scope
   return ((int*)(&Q_WS_QWS))[argc];
                   ^
CMakeFiles/cmTC_691bc.dir/build.make:65 : la recette pour la cible « CMakeFiles/cmTC_691bc.dir/CheckSymbolExists.cxx.o » a échouée
make[2]: *** [CMakeFiles/cmTC_691bc.dir/CheckSymbolExists.cxx.o] Erreur 1
make[2] : on quitte le répertoire « /home/nicolas/Documents/swarm-lingustics/src/build/CMakeFiles/CMakeTmp »
Makefile:126 : la recette pour la cible « cmTC_691bc/fast » a échouée
make[1]: *** [cmTC_691bc/fast] Erreur 2
make[1] : on quitte le répertoire « /home/nicolas/Documents/swarm-lingustics/src/build/CMakeFiles/CMakeTmp »

File /home/nicolas/Documents/swarm-lingustics/src/build/CMakeFiles/CMakeTmp/CheckSymbolExists.cxx:
/* */
#include <QtCore/qglobal.h>

int main(int argc, char** argv)
{
  (void)argv;
#ifndef Q_WS_QWS
  return ((int*)(&Q_WS_QWS))[argc];
#else
  (void)argc;
  return 0;
#endif
}

Determining if the Q_WS_MAC exist failed with the following output:
Change Dir: /home/nicolas/Documents/swarm-lingustics/src/build/CMakeFiles/CMakeTmp

Run Build Command:"/usr/bin/make" "cmTC_6aca5/fast"
make[1] : on entre dans le répertoire « /home/nicolas/Documents/swarm-lingustics/src/build/CMakeFiles/CMakeTmp »
/usr/bin/make -f CMakeFiles/cmTC_6aca5.dir/build.make CMakeFiles/cmTC_6aca5.dir/build
make[2] : on entre dans le répertoire « /home/nicolas/Documents/swarm-lingustics/src/build/CMakeFiles/CMakeTmp »
Building CXX object CMakeFiles/cmTC_6aca5.dir/CheckSymbolExists.cxx.o
/usr/bin/c++    -I/usr/include/qt4   -o CMakeFiles/cmTC_6aca5.dir/CheckSymbolExists.cxx.o -c /home/nicolas/Documents/swarm-lingustics/src/build/CMakeFiles/CMakeTmp/CheckSymbolExists.cxx
/home/nicolas/Documents/swarm-lingustics/src/build/CMakeFiles/CMakeTmp/CheckSymbolExists.cxx: In function ‘int main(int, char**)’:
/home/nicolas/Documents/swarm-lingustics/src/build/CMakeFiles/CMakeTmp/CheckSymbolExists.cxx:8:19: error: ‘Q_WS_MAC’ was not declared in this scope
   return ((int*)(&Q_WS_MAC))[argc];
                   ^
CMakeFiles/cmTC_6aca5.dir/build.make:65 : la recette pour la cible « CMakeFiles/cmTC_6aca5.dir/CheckSymbolExists.cxx.o » a échouée
make[2]: *** [CMakeFiles/cmTC_6aca5.dir/CheckSymbolExists.cxx.o] Erreur 1
make[2] : on quitte le répertoire « /home/nicolas/Documents/swarm-lingustics/src/build/CMakeFiles/CMakeTmp »
Makefile:126 : la recette pour la cible « cmTC_6aca5/fast » a échouée
make[1]: *** [cmTC_6aca5/fast] Erreur 2
make[1] : on quitte le répertoire « /home/nicolas/Documents/swarm-lingustics/src/build/CMakeFiles/CMakeTmp »

File /home/nicolas/Documents/swarm-lingustics/src/build/CMakeFiles/CMakeTmp/CheckSymbolExists.cxx:
/* */
#include <QtCore/qglobal.h>

int main(int argc, char** argv)
{
  (void)argv;
#ifndef Q_WS_MAC
  return ((int*)(&Q_WS_MAC))[argc];
#else
  (void)argc;
  return 0;
#endif
}

